USE `cygno_db`;
UPDATE `cygno_db`.`Runlog` SET `Stop time`='2022-03-21 14-56-46', `Number of events`='13' WHERE `Run number`='31';
USE `cygno_db`;
INSERT INTO `cygno_db`.`Runlog` (`Run number`, `Start time`, `run_number`, `run_description`, `start_time`, `exposure_sec`, `GEM3_V`, `GEM2_V`, `GEM1_V`, `T2_V`, `T1_V`, `DRIFT_V`, `OFFSET_V`, `PMT1_V`, `PMT2_V`, `PMT3_V`, `PMT4_V`, `HV_STATE`) VALUES ('32', '2022-03-21 14-56-51', '32', 'test', '2022-03-21 14-56-51', '1', '0', '0', '0', '20', '20', '240', '10', '770', '935', '825', '935', '0');
USE `cygno_db`;
UPDATE `cygno_db`.`Runlog` SET `Stop time`='2022-03-21 14-57-05', `Number of events`='10' WHERE `Run number`='32';
USE `cygno_db`;
INSERT INTO `cygno_db`.`Runlog` (`Run number`, `Start time`, `run_number`, `run_description`, `start_time`, `exposure_sec`, `GEM3_V`, `GEM2_V`, `GEM1_V`, `T2_V`, `T1_V`, `DRIFT_V`, `OFFSET_V`, `PMT1_V`, `PMT2_V`, `PMT3_V`, `PMT4_V`, `HV_STATE`) VALUES ('33', '2022-03-21 14-58-02', '33', 'test', '2022-03-21 14-58-02', '1', '0', '0', '0', '20', '20', '240', '10', '770', '935', '825', '935', '0');
CREATE TABLE `cygno_db`.`Runlog` (`Run number` INT   NOT NULL, `Start time` DATETIME  NOT NULL, `run_number` INT   NOT NULL, `run_description`  TEXT  NOT NULL, `start_time` DATETIME  NOT NULL, `exposure_sec` DOUBLE   NOT NULL, `GEM3_V` FLOAT   NOT NULL, `GEM2_V` FLOAT   NOT NULL, `GEM1_V` FLOAT   NOT NULL, `T2_V` FLOAT   NOT NULL, `T1_V` FLOAT   NOT NULL, `DRIFT_V` FLOAT   NOT NULL, `OFFSET_V` FLOAT   NOT NULL, `PMT1_V` FLOAT   NOT NULL, `PMT2_V` FLOAT   NOT NULL, `PMT3_V` FLOAT   NOT NULL, `PMT4_V` FLOAT   NOT NULL, `HV_STATE` INT UNSIGNED   NOT NULL, PRIMARY KEY (`Run number`));
INSERT INTO `cygno_db`.`Runlog` (`Run number`, `Start time`, `run_number`, `run_description`, `start_time`, `exposure_sec`, `GEM3_V`, `GEM2_V`, `GEM1_V`, `T2_V`, `T1_V`, `DRIFT_V`, `OFFSET_V`, `PMT1_V`, `PMT2_V`, `PMT3_V`, `PMT4_V`, `HV_STATE`) VALUES ('33', '2022-03-21 14-58-02', '33', 'test', '2022-03-21 14-58-02', '1', '0', '0', '0', '20', '20', '240', '10', '770', '935', '825', '935', '0');
USE `cygno_db`;
UPDATE `cygno_db`.`Runlog` SET `Stop time`='2022-03-21 14-58-15', `Number of events`='8' WHERE `Run number`='33';
ALTER TABLE `cygno_db`.`Runlog` ADD `Stop time` DATETIME;
ALTER TABLE `cygno_db`.`Runlog` ADD `Number of events` DOUBLE  AFTER `Stop time`;
UPDATE `cygno_db`.`Runlog` SET `Stop time`='2022-03-21 14-58-15', `Number of events`='8' WHERE `Run number`='33';
USE `cygno_db_lnf`;
CREATE DATABASE `cygno_db_lnf`;
USE `cygno_db_lnf`;
CREATE DATABASE `cygno_db_lnf`;
USE `cygno_db_lnf`;
CREATE DATABASE `cygno_db_lnf`;
USE `cygno_db_lnf`;
CREATE DATABASE `cygno_db_lnf`;
USE `cygno_db`;
INSERT INTO `cygno_db`.`Runlog` (`Run number`, `Start time`, `run_number`, `run_description`, `start_time`, `exposure_sec`, `GEM3_V`, `GEM2_V`, `GEM1_V`, `T2_V`, `T1_V`, `DRIFT_V`, `OFFSET_V`, `PMT1_V`, `PMT2_V`, `PMT3_V`, `PMT4_V`, `HV_STATE`) VALUES ('36', '2022-03-21 15-06-36', '36', 'test', '2022-03-21 15-06-36', '1', '0', '0', '0', '20', '20', '240', '10', '770', '935', '825', '935', '0');
CREATE TABLE `cygno_db`.`Runlog` (`Run number` INT   NOT NULL, `Start time` DATETIME  NOT NULL, `run_number` INT   NOT NULL, `run_description`  TEXT  NOT NULL, `start_time` DATETIME  NOT NULL, `exposure_sec` DOUBLE   NOT NULL, `GEM3_V` FLOAT   NOT NULL, `GEM2_V` FLOAT   NOT NULL, `GEM1_V` FLOAT   NOT NULL, `T2_V` FLOAT   NOT NULL, `T1_V` FLOAT   NOT NULL, `DRIFT_V` FLOAT   NOT NULL, `OFFSET_V` FLOAT   NOT NULL, `PMT1_V` FLOAT   NOT NULL, `PMT2_V` FLOAT   NOT NULL, `PMT3_V` FLOAT   NOT NULL, `PMT4_V` FLOAT   NOT NULL, `HV_STATE` INT UNSIGNED   NOT NULL, PRIMARY KEY (`Run number`));
INSERT INTO `cygno_db`.`Runlog` (`Run number`, `Start time`, `run_number`, `run_description`, `start_time`, `exposure_sec`, `GEM3_V`, `GEM2_V`, `GEM1_V`, `T2_V`, `T1_V`, `DRIFT_V`, `OFFSET_V`, `PMT1_V`, `PMT2_V`, `PMT3_V`, `PMT4_V`, `HV_STATE`) VALUES ('36', '2022-03-21 15-06-36', '36', 'test', '2022-03-21 15-06-36', '1', '0', '0', '0', '20', '20', '240', '10', '770', '935', '825', '935', '0');
USE `cygno_db`;
UPDATE `cygno_db`.`Runlog` SET `Stop time`='2022-03-21 15-06-43', `Number of events`='5' WHERE `Run number`='36';
ALTER TABLE `cygno_db`.`Runlog` ADD `Stop time` DATETIME;
ALTER TABLE `cygno_db`.`Runlog` ADD `Number of events` DOUBLE  AFTER `Stop time`;
UPDATE `cygno_db`.`Runlog` SET `Stop time`='2022-03-21 15-06-43', `Number of events`='5' WHERE `Run number`='36';
USE `cygno_db`;
INSERT INTO `cygno_db`.`Runlog` (`run_number`, `run_description`, `start_time`, `exposure_sec`, `GEM3_V`, `GEM2_V`, `GEM1_V`, `T2_V`, `T1_V`, `DRIFT_V`, `OFFSET_V`, `PMT1_V`, `PMT2_V`, `PMT3_V`, `PMT4_V`, `HV_STATE`) VALUES ('37', 'test', '2022-03-21 15-08-15', '1', '0', '0', '0', '20', '20', '240', '10', '770', '935', '825', '935', '0');
USE `cygno_db`;
UPDATE `cygno_db`.`Runlog` SET `Stop time`='2022-03-21 15-08-38', `Number of events`='18' WHERE `run_number`='37';
USE `cygno_db`;
INSERT INTO `cygno_db`.`Runlog` (`run_number`, `run_description`, `start_time`, `exposure_sec`, `GEM3_V`, `GEM2_V`, `GEM1_V`, `T2_V`, `T1_V`, `DRIFT_V`, `OFFSET_V`, `PMT1_V`, `PMT2_V`, `PMT3_V`, `PMT4_V`, `HV_STATE`) VALUES ('38', 'test', '2022-03-21 15-09-03', '1', '0', '0', '0', '20', '20', '240', '10', '770', '935', '825', '935', '0');
CREATE TABLE `cygno_db`.`Runlog` (`run_number` INT   NOT NULL, `run_description`  TEXT  NOT NULL, `start_time` DATETIME  NOT NULL, `exposure_sec` DOUBLE   NOT NULL, `GEM3_V` FLOAT   NOT NULL, `GEM2_V` FLOAT   NOT NULL, `GEM1_V` FLOAT   NOT NULL, `T2_V` FLOAT   NOT NULL, `T1_V` FLOAT   NOT NULL, `DRIFT_V` FLOAT   NOT NULL, `OFFSET_V` FLOAT   NOT NULL, `PMT1_V` FLOAT   NOT NULL, `PMT2_V` FLOAT   NOT NULL, `PMT3_V` FLOAT   NOT NULL, `PMT4_V` FLOAT   NOT NULL, `HV_STATE` INT UNSIGNED   NOT NULL, PRIMARY KEY (`run_number`));
INSERT INTO `cygno_db`.`Runlog` (`run_number`, `run_description`, `start_time`, `exposure_sec`, `GEM3_V`, `GEM2_V`, `GEM1_V`, `T2_V`, `T1_V`, `DRIFT_V`, `OFFSET_V`, `PMT1_V`, `PMT2_V`, `PMT3_V`, `PMT4_V`, `HV_STATE`) VALUES ('38', 'test', '2022-03-21 15-09-03', '1', '0', '0', '0', '20', '20', '240', '10', '770', '935', '825', '935', '0');
USE `cygno_db`;
UPDATE `cygno_db`.`Runlog` SET `Stop time`='2022-03-21 15-09-19', `Number of events`='11' WHERE `run_number`='38';
ALTER TABLE `cygno_db`.`Runlog` ADD `Stop time` DATETIME;
ALTER TABLE `cygno_db`.`Runlog` ADD `Number of events` DOUBLE  AFTER `Stop time`;
UPDATE `cygno_db`.`Runlog` SET `Stop time`='2022-03-21 15-09-19', `Number of events`='11' WHERE `run_number`='38';
USE `cygno_db`;
UPDATE `cygno_db`.`Runlog` SET `Stop time`='2022-03-30 12-46-42', `Number of events`='154' WHERE `run_number`='44';
CREATE TABLE `cygno_db`.`Runlog` (`Stop time` DATETIME  NOT NULL, `Number of events` DOUBLE   NOT NULL, PRIMARY KEY (`Stop time`));
INSERT INTO `cygno_db`.`Runlog` (`Stop time`, `Number of events`) VALUES ('2022-03-30 12-46-42', '154');
USE `cygno_db`;
INSERT INTO `cygno_db`.`Runlog` (`run_number`, `run_description`, `start_time`, `exposure_sec`, `GEM3_V`, `GEM2_V`, `GEM1_V`, `T2_V`, `T1_V`, `DRIFT_V`, `OFFSET_V`, `PMT1_V`, `PMT2_V`, `PMT3_V`, `PMT4_V`, `HV_STATE`) VALUES ('45', 'test', '2022-03-30 12-46-57', '1', '0', '0', '0', '20', '20', '240', '10', '770', '935', '825', '935', '0');
ALTER TABLE `cygno_db`.`Runlog` ADD `run_number` INT ;
ALTER TABLE `cygno_db`.`Runlog` ADD `run_description`  TEXT AFTER `run_number`;
ALTER TABLE `cygno_db`.`Runlog` ADD `start_time` DATETIME AFTER `run_description`;
ALTER TABLE `cygno_db`.`Runlog` ADD `exposure_sec` DOUBLE  AFTER `start_time`;
ALTER TABLE `cygno_db`.`Runlog` ADD `GEM3_V` FLOAT  AFTER `exposure_sec`;
ALTER TABLE `cygno_db`.`Runlog` ADD `GEM2_V` FLOAT  AFTER `GEM3_V`;
ALTER TABLE `cygno_db`.`Runlog` ADD `GEM1_V` FLOAT  AFTER `GEM2_V`;
ALTER TABLE `cygno_db`.`Runlog` ADD `T2_V` FLOAT  AFTER `GEM1_V`;
ALTER TABLE `cygno_db`.`Runlog` ADD `T1_V` FLOAT  AFTER `T2_V`;
ALTER TABLE `cygno_db`.`Runlog` ADD `DRIFT_V` FLOAT  AFTER `T1_V`;
ALTER TABLE `cygno_db`.`Runlog` ADD `OFFSET_V` FLOAT  AFTER `DRIFT_V`;
ALTER TABLE `cygno_db`.`Runlog` ADD `PMT1_V` FLOAT  AFTER `OFFSET_V`;
ALTER TABLE `cygno_db`.`Runlog` ADD `PMT2_V` FLOAT  AFTER `PMT1_V`;
ALTER TABLE `cygno_db`.`Runlog` ADD `PMT3_V` FLOAT  AFTER `PMT2_V`;
ALTER TABLE `cygno_db`.`Runlog` ADD `PMT4_V` FLOAT  AFTER `PMT3_V`;
ALTER TABLE `cygno_db`.`Runlog` ADD `HV_STATE` INT UNSIGNED  AFTER `PMT4_V`;
INSERT INTO `cygno_db`.`Runlog` (`run_number`, `run_description`, `start_time`, `exposure_sec`, `GEM3_V`, `GEM2_V`, `GEM1_V`, `T2_V`, `T1_V`, `DRIFT_V`, `OFFSET_V`, `PMT1_V`, `PMT2_V`, `PMT3_V`, `PMT4_V`, `HV_STATE`) VALUES ('45', 'test', '2022-03-30 12-46-57', '1', '0', '0', '0', '20', '20', '240', '10', '770', '935', '825', '935', '0');
USE `cygno_db`;
UPDATE `cygno_db`.`Runlog` SET `Stop time`='2022-03-30 12-47-34', `Number of events`='30' WHERE `run_number`='45';
USE `cygno_db`;
INSERT INTO `cygno_db`.`Runlog` (`run_number`, `run_description`, `start_time`, `exposure_sec`, `GEM3_V`, `GEM2_V`, `GEM1_V`, `T2_V`, `T1_V`, `DRIFT_V`, `OFFSET_V`, `PMT1_V`, `PMT2_V`, `PMT3_V`, `PMT4_V`, `HV_STATE`) VALUES ('46', 'test', '2022-03-30 12-51-07', '1', '0', '0', '0', '20', '20', '240', '10', '770', '935', '825', '935', '0');
USE `cygno_db`;
UPDATE `cygno_db`.`Runlog` SET `Stop time`='2022-03-30 12-52-36', `Number of events`='53' WHERE `run_number`='46';
USE `cygno_db`;
INSERT INTO `cygno_db`.`Runlog` (`run_number`, `run_description`, `start_time`, `exposure_sec`, `GEM3_V`, `GEM2_V`, `GEM1_V`, `T2_V`, `T1_V`, `DRIFT_V`, `OFFSET_V`, `PMT1_V`, `PMT2_V`, `PMT3_V`, `PMT4_V`, `HV_STATE`) VALUES ('47', 'test', '2022-03-30 16-45-22', '1', '0', '0', '0', '20', '20', '240', '10', '770', '935', '825', '935', '0');
USE `cygno_db`;
UPDATE `cygno_db`.`Runlog` SET `Stop time`='2022-03-30 17-08-54', `Number of events`='0' WHERE `run_number`='47';
USE `cygno_db`;
INSERT INTO `cygno_db`.`Runlog` (`run_number`, `run_description`, `start_time`, `exposure_sec`, `GEM3_V`, `GEM2_V`, `GEM1_V`, `T2_V`, `T1_V`, `DRIFT_V`, `OFFSET_V`, `PMT1_V`, `PMT2_V`, `PMT3_V`, `PMT4_V`, `HV_STATE`) VALUES ('48', 'test', '2022-03-30 17-09-04', '1', '0', '0', '0', '20', '20', '240', '10', '770', '935', '825', '935', '0');
USE `cygno_db`;
INSERT INTO `cygno_db`.`Runlog` (`run_number`, `run_description`, `start_time`, `exposure_sec`, `GEM3_V`, `GEM2_V`, `GEM1_V`, `T2_V`, `T1_V`, `DRIFT_V`, `OFFSET_V`, `PMT1_V`, `PMT2_V`, `PMT3_V`, `PMT4_V`, `HV_STATE`) VALUES ('51', 'test', '2022-03-31 08-47-11', '1', '0', '0', '0', '20', '20', '240', '10', '770', '935', '825', '935', '0');
USE `cygno_db`;
UPDATE `cygno_db`.`Runlog` SET `Stop time`='2022-03-31 13-29-17', `Number of events`='15884' WHERE `run_number`='51';
USE `cygno_db`;
INSERT INTO `cygno_db`.`Runlog` (`run_number`, `run_description`, `start_time`, `exposure_sec`, `GEM3_V`, `GEM2_V`, `GEM1_V`, `T2_V`, `T1_V`, `DRIFT_V`, `OFFSET_V`, `PMT1_V`, `PMT2_V`, `PMT3_V`, `PMT4_V`, `HV_STATE`) VALUES ('52', 'test', '2022-03-31 13-34-01', '1', '0', '0', '0', '20', '20', '240', '10', '770', '935', '825', '935', '0');
USE `cygno_db`;
UPDATE `cygno_db`.`Runlog` SET `Stop time`='2022-03-31 17-37-25', `Number of events`='13704' WHERE `run_number`='52';
USE `cygno_db`;
INSERT INTO `cygno_db`.`Runlog` (`run_number`, `run_description`, `start_time`, `exposure_sec`, `GEM3_V`, `GEM2_V`, `GEM1_V`, `T2_V`, `T1_V`, `DRIFT_V`, `OFFSET_V`, `PMT1_V`, `PMT2_V`, `PMT3_V`, `PMT4_V`, `HV_STATE`) VALUES ('53', 'S000:PED:DUMMY, test db', '2022-03-31 17-37-35', '0.05', '0', '0', '0', '20', '20', '240', '10', '770', '935', '825', '935', '0');
USE `cygno_db`;
INSERT INTO `cygno_db`.`Runlog` (`run_number`, `run_description`, `start_time`, `exposure_sec`, `GEM3_V`, `GEM2_V`, `GEM1_V`, `T2_V`, `T1_V`, `DRIFT_V`, `OFFSET_V`, `PMT1_V`, `PMT2_V`, `PMT3_V`, `PMT4_V`, `HV_STATE`) VALUES ('54', 'S000:PED:DUMMY, test db', '2022-03-31 17-39-43', '0.05', '0', '0', '0', '20', '20', '240', '10', '770', '935', '825', '935', '0');
USE `cygno_db`;
UPDATE `cygno_db`.`Runlog` SET `Stop time`='2022-04-01 08-34-19', `Number of events`='0' WHERE `run_number`='54';
USE `cygno_db`;
INSERT INTO `cygno_db`.`Runlog` (`run_number`, `run_description`, `start_time`, `exposure_sec`, `GEM3_V`, `GEM2_V`, `GEM1_V`, `T2_V`, `T1_V`, `DRIFT_V`, `OFFSET_V`, `PMT1_V`, `PMT2_V`, `PMT3_V`, `PMT4_V`, `HV_STATE`) VALUES ('57', 'S000:PED:DUMMY, test db', '2022-04-01 08-48-33', '0.05', '0', '0', '0', '20', '20', '240', '10', '770', '935', '825', '935', '0');
USE `cygno_db`;
UPDATE `cygno_db`.`Runlog` SET `Stop time`='2022-04-01 08-50-15', `Number of events`='104' WHERE `run_number`='57';
USE `cygno_db`;
INSERT INTO `cygno_db`.`Runlog` (`run_number`, `run_description`, `start_time`, `exposure_sec`, `GEM3_V`, `GEM2_V`, `GEM1_V`, `T2_V`, `T1_V`, `DRIFT_V`, `OFFSET_V`, `PMT1_V`, `PMT2_V`, `PMT3_V`, `PMT4_V`, `HV_STATE`) VALUES ('58', 'S000:DATA:DUMMY, test db', '2022-04-01 08-50-19', '0.05', '0', '0', '0', '20', '20', '240', '10', '770', '935', '825', '935', '0');
USE `cygno_db`;
UPDATE `cygno_db`.`Runlog` SET `Stop time`='2022-04-01 08-52-01', `Number of events`='103' WHERE `run_number`='58';
USE `cygno_db`;
INSERT INTO `cygno_db`.`Runlog` (`run_number`, `run_description`, `start_time`, `exposure_sec`, `GEM3_V`, `GEM2_V`, `GEM1_V`, `T2_V`, `T1_V`, `DRIFT_V`, `OFFSET_V`, `PMT1_V`, `PMT2_V`, `PMT3_V`, `PMT4_V`, `HV_STATE`) VALUES ('59', 'S000:PED:DUMMY, test db', '2022-04-01 08-59-21', '0.05', '0', '0', '0', '20', '20', '240', '10', '770', '935', '825', '935', '1');
USE `cygno_db`;
UPDATE `cygno_db`.`Runlog` SET `Stop time`='2022-04-01 08-59-45', `Number of events`='26' WHERE `run_number`='59';
USE `cygno_db`;
INSERT INTO `cygno_db`.`Runlog` (`run_number`, `run_description`, `start_time`, `exposure_sec`, `GEM3_V`, `GEM2_V`, `GEM1_V`, `T2_V`, `T1_V`, `DRIFT_V`, `OFFSET_V`, `PMT1_V`, `PMT2_V`, `PMT3_V`, `PMT4_V`, `HV_STATE`) VALUES ('60', 'S000:PED:DUMMY, test db', '2022-04-01 09-00-29', '0.05', '0', '0', '0', '20', '20', '240', '10', '770', '935', '825', '935', '0');
USE `cygno_db`;
UPDATE `cygno_db`.`Runlog` SET `Stop time`='2022-04-01 09-02-09', `Number of events`='101' WHERE `run_number`='60';
USE `cygno_db`;
INSERT INTO `cygno_db`.`Runlog` (`run_number`, `run_description`, `start_time`, `exposure_sec`, `GEM3_V`, `GEM2_V`, `GEM1_V`, `T2_V`, `T1_V`, `DRIFT_V`, `OFFSET_V`, `PMT1_V`, `PMT2_V`, `PMT3_V`, `PMT4_V`, `HV_STATE`) VALUES ('61', 'S000:DATA:DUMMY, test db', '2022-04-01 09-02-13', '0.05', '0', '0', '0', '20', '20', '240', '10', '770', '935', '825', '935', '1');
USE `cygno_db`;
UPDATE `cygno_db`.`Runlog` SET `Stop time`='2022-04-01 09-03-55', `Number of events`='103' WHERE `run_number`='61';
USE `cygno_db`;
INSERT INTO `cygno_db`.`Runlog` (`run_number`, `run_description`, `start_time`, `exposure_sec`, `GEM3_V`, `GEM2_V`, `GEM1_V`, `T2_V`, `T1_V`, `DRIFT_V`, `OFFSET_V`, `PMT1_V`, `PMT2_V`, `PMT3_V`, `PMT4_V`, `HV_STATE`) VALUES ('62', 'S000:PED:DUMMY, test db', '2022-04-01 10-00-40', '0.05', '0', '0', '0', '20', '20', '240', '10', '770', '935', '825', '935', '0');
USE `cygno_db`;
UPDATE `cygno_db`.`Runlog` SET `Stop time`='2022-04-01 10-02-19', `Number of events`='101' WHERE `run_number`='62';
USE `cygno_db`;
INSERT INTO `cygno_db`.`Runlog` (`run_number`, `run_description`, `start_time`, `exposure_sec`, `GEM3_V`, `GEM2_V`, `GEM1_V`, `T2_V`, `T1_V`, `DRIFT_V`, `OFFSET_V`, `PMT1_V`, `PMT2_V`, `PMT3_V`, `PMT4_V`, `HV_STATE`) VALUES ('63', 'S000:DATA:DUMMY, test db', '2022-04-01 10-02-24', '0.05', '0', '0', '0', '20', '20', '240', '10', '770', '935', '825', '935', '1');
USE `cygno_db`;
UPDATE `cygno_db`.`Runlog` SET `Stop time`='2022-04-01 10-04-05', `Number of events`='103' WHERE `run_number`='63';
USE `cygno_db`;
INSERT INTO `cygno_db`.`Runlog` (`run_number`, `run_description`, `start_time`, `exposure_sec`, `GEM3_V`, `GEM2_V`, `GEM1_V`, `T2_V`, `T1_V`, `DRIFT_V`, `OFFSET_V`, `PMT1_V`, `PMT2_V`, `PMT3_V`, `PMT4_V`, `HV_STATE`) VALUES ('64', 'S000:PED:DUMMY, test db', '2022-04-01 11-00-51', '0.05', '0', '0', '0', '20', '20', '240', '10', '770', '935', '825', '935', '0');
USE `cygno_db`;
UPDATE `cygno_db`.`Runlog` SET `Stop time`='2022-04-01 11-02-32', `Number of events`='103' WHERE `run_number`='64';
USE `cygno_db`;
INSERT INTO `cygno_db`.`Runlog` (`run_number`, `run_description`, `start_time`, `exposure_sec`, `GEM3_V`, `GEM2_V`, `GEM1_V`, `T2_V`, `T1_V`, `DRIFT_V`, `OFFSET_V`, `PMT1_V`, `PMT2_V`, `PMT3_V`, `PMT4_V`, `HV_STATE`) VALUES ('65', 'S000:DATA:DUMMY, test db', '2022-04-01 11-02-37', '0.05', '0', '0', '0', '20', '20', '240', '10', '770', '935', '825', '935', '1');
USE `cygno_db`;
UPDATE `cygno_db`.`Runlog` SET `Stop time`='2022-04-01 11-04-19', `Number of events`='103' WHERE `run_number`='65';
USE `cygno_db`;
INSERT INTO `cygno_db`.`Runlog` (`run_number`, `run_description`, `start_time`, `exposure_sec`, `GEM3_V`, `GEM2_V`, `GEM1_V`, `T2_V`, `T1_V`, `DRIFT_V`, `OFFSET_V`, `PMT1_V`, `PMT2_V`, `PMT3_V`, `PMT4_V`, `HV_STATE`) VALUES ('66', 'S000:PED:DUMMY, test db', '2022-04-01 12-01-04', '0.05', '0', '0', '0', '20', '20', '240', '10', '770', '935', '825', '935', '0');
USE `cygno_db`;
UPDATE `cygno_db`.`Runlog` SET `Stop time`='2022-04-01 12-02-43', `Number of events`='101' WHERE `run_number`='66';
USE `cygno_db`;
INSERT INTO `cygno_db`.`Runlog` (`run_number`, `run_description`, `start_time`, `exposure_sec`, `GEM3_V`, `GEM2_V`, `GEM1_V`, `T2_V`, `T1_V`, `DRIFT_V`, `OFFSET_V`, `PMT1_V`, `PMT2_V`, `PMT3_V`, `PMT4_V`, `HV_STATE`) VALUES ('67', 'S000:DATA:DUMMY, test db', '2022-04-01 12-02-48', '0.05', '0', '0', '0', '20', '20', '240', '10', '770', '935', '825', '935', '1');
USE `cygno_db`;
UPDATE `cygno_db`.`Runlog` SET `Stop time`='2022-04-01 12-04-29', `Number of events`='104' WHERE `run_number`='67';
USE `cygno_db`;
INSERT INTO `cygno_db`.`Runlog` (`run_number`, `run_description`, `start_time`, `exposure_sec`, `GEM3_V`, `GEM2_V`, `GEM1_V`, `T2_V`, `T1_V`, `DRIFT_V`, `OFFSET_V`, `PMT1_V`, `PMT2_V`, `PMT3_V`, `PMT4_V`, `HV_STATE`) VALUES ('68', 'S000:PED:DUMMY, test db', '2022-04-01 13-01-15', '0.05', '0', '0', '0', '20', '20', '240', '10', '770', '935', '825', '935', '0');
USE `cygno_db`;
UPDATE `cygno_db`.`Runlog` SET `Stop time`='2022-04-01 13-02-56', `Number of events`='103' WHERE `run_number`='68';
USE `cygno_db`;
INSERT INTO `cygno_db`.`Runlog` (`run_number`, `run_description`, `start_time`, `exposure_sec`, `GEM3_V`, `GEM2_V`, `GEM1_V`, `T2_V`, `T1_V`, `DRIFT_V`, `OFFSET_V`, `PMT1_V`, `PMT2_V`, `PMT3_V`, `PMT4_V`, `HV_STATE`) VALUES ('69', 'S000:DATA:DUMMY, test db', '2022-04-01 13-03-01', '0.05', '0', '0', '0', '20', '20', '240', '10', '770', '935', '825', '935', '1');
USE `cygno_db`;
UPDATE `cygno_db`.`Runlog` SET `Stop time`='2022-04-01 13-04-43', `Number of events`='103' WHERE `run_number`='69';
USE `cygno_db`;
INSERT INTO `cygno_db`.`Runlog` (`run_number`, `run_description`, `start_time`, `exposure_sec`, `GEM3_V`, `GEM2_V`, `GEM1_V`, `T2_V`, `T1_V`, `DRIFT_V`, `OFFSET_V`, `PMT1_V`, `PMT2_V`, `PMT3_V`, `PMT4_V`, `HV_STATE`) VALUES ('70', 'S000:PED:DUMMY, test db', '2022-04-01 14-01-28', '0.05', '0', '0', '0', '20', '20', '240', '10', '770', '935', '825', '935', '0');
USE `cygno_db`;
UPDATE `cygno_db`.`Runlog` SET `Stop time`='2022-04-01 14-03-09', `Number of events`='103' WHERE `run_number`='70';
USE `cygno_db`;
INSERT INTO `cygno_db`.`Runlog` (`run_number`, `run_description`, `start_time`, `exposure_sec`, `GEM3_V`, `GEM2_V`, `GEM1_V`, `T2_V`, `T1_V`, `DRIFT_V`, `OFFSET_V`, `PMT1_V`, `PMT2_V`, `PMT3_V`, `PMT4_V`, `HV_STATE`) VALUES ('71', 'S000:DATA:DUMMY, test db', '2022-04-01 14-03-14', '0.05', '0', '0', '0', '20', '20', '240', '10', '770', '935', '825', '935', '1');
USE `cygno_db`;
UPDATE `cygno_db`.`Runlog` SET `Stop time`='2022-04-01 14-04-55', `Number of events`='103' WHERE `run_number`='71';
USE `cygno_db`;
INSERT INTO `cygno_db`.`Runlog` (`run_number`, `run_description`, `start_time`, `exposure_sec`, `GEM3_V`, `GEM2_V`, `GEM1_V`, `T2_V`, `T1_V`, `DRIFT_V`, `OFFSET_V`, `PMT1_V`, `PMT2_V`, `PMT3_V`, `PMT4_V`, `HV_STATE`) VALUES ('72', 'S000:PED:DUMMY, test db', '2022-04-01 15-01-40', '0.05', '0', '0', '0', '20', '20', '240', '10', '770', '935', '825', '935', '0');
USE `cygno_db`;
UPDATE `cygno_db`.`Runlog` SET `Stop time`='2022-04-01 15-03-22', `Number of events`='103' WHERE `run_number`='72';
USE `cygno_db`;
INSERT INTO `cygno_db`.`Runlog` (`run_number`, `run_description`, `start_time`, `exposure_sec`, `GEM3_V`, `GEM2_V`, `GEM1_V`, `T2_V`, `T1_V`, `DRIFT_V`, `OFFSET_V`, `PMT1_V`, `PMT2_V`, `PMT3_V`, `PMT4_V`, `HV_STATE`) VALUES ('73', 'S000:DATA:DUMMY, test db', '2022-04-01 15-03-27', '0.05', '0', '0', '0', '20', '20', '240', '10', '770', '935', '825', '935', '1');
USE `cygno_db`;
UPDATE `cygno_db`.`Runlog` SET `Stop time`='2022-04-01 15-05-06', `Number of events`='101' WHERE `run_number`='73';
USE `cygno_db`;
INSERT INTO `cygno_db`.`Runlog` (`run_number`, `run_description`, `start_time`, `exposure_sec`, `GEM3_V`, `GEM2_V`, `GEM1_V`, `T2_V`, `T1_V`, `DRIFT_V`, `OFFSET_V`, `PMT1_V`, `PMT2_V`, `PMT3_V`, `PMT4_V`, `HV_STATE`) VALUES ('74', 'S000:PED:DUMMY, test db', '2022-04-01 16-01-52', '0.05', '0', '0', '0', '20', '20', '240', '10', '770', '935', '825', '935', '0');
USE `cygno_db`;
UPDATE `cygno_db`.`Runlog` SET `Stop time`='2022-04-01 16-03-34', `Number of events`='103' WHERE `run_number`='74';
USE `cygno_db`;
INSERT INTO `cygno_db`.`Runlog` (`run_number`, `run_description`, `start_time`, `exposure_sec`, `GEM3_V`, `GEM2_V`, `GEM1_V`, `T2_V`, `T1_V`, `DRIFT_V`, `OFFSET_V`, `PMT1_V`, `PMT2_V`, `PMT3_V`, `PMT4_V`, `HV_STATE`) VALUES ('75', 'S000:DATA:DUMMY, test db', '2022-04-01 16-03-38', '0.05', '0', '0', '0', '20', '20', '240', '10', '770', '935', '825', '935', '1');
USE `cygno_db`;
UPDATE `cygno_db`.`Runlog` SET `Stop time`='2022-04-01 16-05-20', `Number of events`='103' WHERE `run_number`='75';
USE `cygno_db`;
INSERT INTO `cygno_db`.`Runlog` (`run_number`, `run_description`, `start_time`, `exposure_sec`, `GEM3_V`, `GEM2_V`, `GEM1_V`, `T2_V`, `T1_V`, `DRIFT_V`, `OFFSET_V`, `PMT1_V`, `PMT2_V`, `PMT3_V`, `PMT4_V`, `HV_STATE`) VALUES ('76', 'S000:PED:DUMMY, test db', '2022-04-01 17-02-05', '0.05', '0', '0', '0', '20', '20', '240', '10', '770', '935', '825', '935', '0');
USE `cygno_db`;
UPDATE `cygno_db`.`Runlog` SET `Stop time`='2022-04-01 17-03-46', `Number of events`='103' WHERE `run_number`='76';
USE `cygno_db`;
INSERT INTO `cygno_db`.`Runlog` (`run_number`, `run_description`, `start_time`, `exposure_sec`, `GEM3_V`, `GEM2_V`, `GEM1_V`, `T2_V`, `T1_V`, `DRIFT_V`, `OFFSET_V`, `PMT1_V`, `PMT2_V`, `PMT3_V`, `PMT4_V`, `HV_STATE`) VALUES ('77', 'S000:DATA:DUMMY, test db', '2022-04-01 17-03-51', '0.05', '0', '0', '0', '20', '20', '240', '10', '770', '935', '825', '935', '1');
USE `cygno_db`;
UPDATE `cygno_db`.`Runlog` SET `Stop time`='2022-04-01 17-05-33', `Number of events`='103' WHERE `run_number`='77';
USE `cygno_db`;
INSERT INTO `cygno_db`.`Runlog` (`run_number`, `run_description`, `start_time`, `exposure_sec`, `GEM3_V`, `GEM2_V`, `GEM1_V`, `T2_V`, `T1_V`, `DRIFT_V`, `OFFSET_V`, `PMT1_V`, `PMT2_V`, `PMT3_V`, `PMT4_V`, `HV_STATE`) VALUES ('78', 'S000:PED:DUMMY, test db', '2022-04-01 18-02-19', '0.05', '0', '0', '0', '20', '20', '240', '10', '770', '935', '825', '935', '0');
USE `cygno_db`;
UPDATE `cygno_db`.`Runlog` SET `Stop time`='2022-04-01 18-04-00', `Number of events`='103' WHERE `run_number`='78';
USE `cygno_db`;
INSERT INTO `cygno_db`.`Runlog` (`run_number`, `run_description`, `start_time`, `exposure_sec`, `GEM3_V`, `GEM2_V`, `GEM1_V`, `T2_V`, `T1_V`, `DRIFT_V`, `OFFSET_V`, `PMT1_V`, `PMT2_V`, `PMT3_V`, `PMT4_V`, `HV_STATE`) VALUES ('79', 'S000:DATA:DUMMY, test db', '2022-04-01 18-04-05', '0.05', '0', '0', '0', '20', '20', '240', '10', '770', '935', '825', '935', '1');
USE `cygno_db`;
UPDATE `cygno_db`.`Runlog` SET `Stop time`='2022-04-01 18-05-46', `Number of events`='102' WHERE `run_number`='79';
USE `cygno_db`;
INSERT INTO `cygno_db`.`Runlog` (`run_number`, `run_description`, `start_time`, `exposure_sec`, `GEM3_V`, `GEM2_V`, `GEM1_V`, `T2_V`, `T1_V`, `DRIFT_V`, `OFFSET_V`, `PMT1_V`, `PMT2_V`, `PMT3_V`, `PMT4_V`, `HV_STATE`) VALUES ('80', 'S000:PED:DUMMY, test db', '2022-04-01 19-02-31', '0.05', '0', '0', '0', '20', '20', '240', '10', '770', '935', '825', '935', '0');
USE `cygno_db`;
UPDATE `cygno_db`.`Runlog` SET `Stop time`='2022-04-01 19-04-10', `Number of events`='101' WHERE `run_number`='80';
USE `cygno_db`;
INSERT INTO `cygno_db`.`Runlog` (`run_number`, `run_description`, `start_time`, `exposure_sec`, `GEM3_V`, `GEM2_V`, `GEM1_V`, `T2_V`, `T1_V`, `DRIFT_V`, `OFFSET_V`, `PMT1_V`, `PMT2_V`, `PMT3_V`, `PMT4_V`, `HV_STATE`) VALUES ('81', 'S000:DATA:DUMMY, test db', '2022-04-01 19-04-15', '0.05', '0', '0', '0', '20', '20', '240', '10', '770', '935', '825', '935', '1');
USE `cygno_db`;
UPDATE `cygno_db`.`Runlog` SET `Stop time`='2022-04-01 19-05-56', `Number of events`='102' WHERE `run_number`='81';
USE `cygno_db`;
INSERT INTO `cygno_db`.`Runlog` (`run_number`, `run_description`, `start_time`, `exposure_sec`, `GEM3_V`, `GEM2_V`, `GEM1_V`, `T2_V`, `T1_V`, `DRIFT_V`, `OFFSET_V`, `PMT1_V`, `PMT2_V`, `PMT3_V`, `PMT4_V`, `HV_STATE`) VALUES ('82', 'S000:PED:DUMMY, test db', '2022-04-01 20-02-42', '0.05', '0', '0', '0', '20', '20', '240', '10', '770', '935', '825', '935', '0');
USE `cygno_db`;
UPDATE `cygno_db`.`Runlog` SET `Stop time`='2022-04-01 20-04-23', `Number of events`='103' WHERE `run_number`='82';
USE `cygno_db`;
INSERT INTO `cygno_db`.`Runlog` (`run_number`, `run_description`, `start_time`, `exposure_sec`, `GEM3_V`, `GEM2_V`, `GEM1_V`, `T2_V`, `T1_V`, `DRIFT_V`, `OFFSET_V`, `PMT1_V`, `PMT2_V`, `PMT3_V`, `PMT4_V`, `HV_STATE`) VALUES ('83', 'S000:DATA:DUMMY, test db', '2022-04-01 20-04-28', '0.05', '0', '0', '0', '20', '20', '240', '10', '770', '935', '825', '935', '1');
USE `cygno_db`;
UPDATE `cygno_db`.`Runlog` SET `Stop time`='2022-04-01 20-06-10', `Number of events`='103' WHERE `run_number`='83';
USE `cygno_db`;
INSERT INTO `cygno_db`.`Runlog` (`run_number`, `run_description`, `start_time`, `exposure_sec`, `GEM3_V`, `GEM2_V`, `GEM1_V`, `T2_V`, `T1_V`, `DRIFT_V`, `OFFSET_V`, `PMT1_V`, `PMT2_V`, `PMT3_V`, `PMT4_V`, `HV_STATE`) VALUES ('84', 'S000:PED:DUMMY, test db', '2022-04-01 21-02-56', '0.05', '0', '0', '0', '20', '20', '240', '10', '770', '935', '825', '935', '0');
USE `cygno_db`;
UPDATE `cygno_db`.`Runlog` SET `Stop time`='2022-04-01 21-04-37', `Number of events`='102' WHERE `run_number`='84';
USE `cygno_db`;
INSERT INTO `cygno_db`.`Runlog` (`run_number`, `run_description`, `start_time`, `exposure_sec`, `GEM3_V`, `GEM2_V`, `GEM1_V`, `T2_V`, `T1_V`, `DRIFT_V`, `OFFSET_V`, `PMT1_V`, `PMT2_V`, `PMT3_V`, `PMT4_V`, `HV_STATE`) VALUES ('85', 'S000:DATA:DUMMY, test db', '2022-04-01 21-04-41', '0.05', '0', '0', '0', '20', '20', '240', '10', '770', '935', '825', '935', '1');
USE `cygno_db`;
UPDATE `cygno_db`.`Runlog` SET `Stop time`='2022-04-01 21-06-20', `Number of events`='101' WHERE `run_number`='85';
USE `cygno_db`;
INSERT INTO `cygno_db`.`Runlog` (`run_number`, `run_description`, `start_time`, `exposure_sec`, `GEM3_V`, `GEM2_V`, `GEM1_V`, `T2_V`, `T1_V`, `DRIFT_V`, `OFFSET_V`, `PMT1_V`, `PMT2_V`, `PMT3_V`, `PMT4_V`, `HV_STATE`) VALUES ('86', 'S000:PED:DUMMY, test db', '2022-04-01 22-03-06', '0.05', '0', '0', '0', '20', '20', '240', '10', '770', '935', '825', '935', '0');
USE `cygno_db`;
UPDATE `cygno_db`.`Runlog` SET `Stop time`='2022-04-01 22-04-47', `Number of events`='103' WHERE `run_number`='86';
USE `cygno_db`;
INSERT INTO `cygno_db`.`Runlog` (`run_number`, `run_description`, `start_time`, `exposure_sec`, `GEM3_V`, `GEM2_V`, `GEM1_V`, `T2_V`, `T1_V`, `DRIFT_V`, `OFFSET_V`, `PMT1_V`, `PMT2_V`, `PMT3_V`, `PMT4_V`, `HV_STATE`) VALUES ('87', 'S000:DATA:DUMMY, test db', '2022-04-01 22-04-52', '0.05', '0', '0', '0', '20', '20', '240', '10', '770', '935', '825', '935', '1');
USE `cygno_db`;
UPDATE `cygno_db`.`Runlog` SET `Stop time`='2022-04-01 22-06-34', `Number of events`='103' WHERE `run_number`='87';
USE `cygno_db`;
INSERT INTO `cygno_db`.`Runlog` (`run_number`, `run_description`, `start_time`, `exposure_sec`, `GEM3_V`, `GEM2_V`, `GEM1_V`, `T2_V`, `T1_V`, `DRIFT_V`, `OFFSET_V`, `PMT1_V`, `PMT2_V`, `PMT3_V`, `PMT4_V`, `HV_STATE`) VALUES ('88', 'S000:PED:DUMMY, test db', '2022-04-01 23-03-19', '0.05', '0', '0', '0', '20', '20', '240', '10', '770', '935', '825', '935', '0');
USE `cygno_db`;
UPDATE `cygno_db`.`Runlog` SET `Stop time`='2022-04-01 23-05-00', `Number of events`='102' WHERE `run_number`='88';
USE `cygno_db`;
INSERT INTO `cygno_db`.`Runlog` (`run_number`, `run_description`, `start_time`, `exposure_sec`, `GEM3_V`, `GEM2_V`, `GEM1_V`, `T2_V`, `T1_V`, `DRIFT_V`, `OFFSET_V`, `PMT1_V`, `PMT2_V`, `PMT3_V`, `PMT4_V`, `HV_STATE`) VALUES ('89', 'S000:DATA:DUMMY, test db', '2022-04-01 23-05-04', '0.05', '0', '0', '0', '20', '20', '240', '10', '770', '935', '825', '935', '1');
USE `cygno_db`;
UPDATE `cygno_db`.`Runlog` SET `Stop time`='2022-04-01 23-06-46', `Number of events`='103' WHERE `run_number`='89';
USE `cygno_db`;
INSERT INTO `cygno_db`.`Runlog` (`run_number`, `run_description`, `start_time`, `exposure_sec`, `GEM3_V`, `GEM2_V`, `GEM1_V`, `T2_V`, `T1_V`, `DRIFT_V`, `OFFSET_V`, `PMT1_V`, `PMT2_V`, `PMT3_V`, `PMT4_V`, `HV_STATE`) VALUES ('90', 'S000:PED:DUMMY, test db', '2022-04-02 00-03-32', '0.05', '0', '0', '0', '20', '20', '240', '10', '770', '935', '825', '935', '0');
USE `cygno_db`;
UPDATE `cygno_db`.`Runlog` SET `Stop time`='2022-04-02 00-05-13', `Number of events`='102' WHERE `run_number`='90';
USE `cygno_db`;
INSERT INTO `cygno_db`.`Runlog` (`run_number`, `run_description`, `start_time`, `exposure_sec`, `GEM3_V`, `GEM2_V`, `GEM1_V`, `T2_V`, `T1_V`, `DRIFT_V`, `OFFSET_V`, `PMT1_V`, `PMT2_V`, `PMT3_V`, `PMT4_V`, `HV_STATE`) VALUES ('91', 'S000:DATA:DUMMY, test db', '2022-04-02 00-05-17', '0.05', '0', '0', '0', '20', '20', '240', '10', '770', '935', '825', '935', '1');
USE `cygno_db`;
UPDATE `cygno_db`.`Runlog` SET `Stop time`='2022-04-02 00-06-59', `Number of events`='102' WHERE `run_number`='91';
USE `cygno_db`;
INSERT INTO `cygno_db`.`Runlog` (`run_number`, `run_description`, `start_time`, `exposure_sec`, `GEM3_V`, `GEM2_V`, `GEM1_V`, `T2_V`, `T1_V`, `DRIFT_V`, `OFFSET_V`, `PMT1_V`, `PMT2_V`, `PMT3_V`, `PMT4_V`, `HV_STATE`) VALUES ('92', 'S000:PED:DUMMY, test db', '2022-04-02 01-03-44', '0.05', '0', '0', '0', '20', '20', '240', '10', '770', '935', '825', '935', '0');
USE `cygno_db`;
UPDATE `cygno_db`.`Runlog` SET `Stop time`='2022-04-02 01-05-26', `Number of events`='103' WHERE `run_number`='92';
USE `cygno_db`;
INSERT INTO `cygno_db`.`Runlog` (`run_number`, `run_description`, `start_time`, `exposure_sec`, `GEM3_V`, `GEM2_V`, `GEM1_V`, `T2_V`, `T1_V`, `DRIFT_V`, `OFFSET_V`, `PMT1_V`, `PMT2_V`, `PMT3_V`, `PMT4_V`, `HV_STATE`) VALUES ('93', 'S000:DATA:DUMMY, test db', '2022-04-02 01-05-31', '0.05', '0', '0', '0', '20', '20', '240', '10', '770', '935', '825', '935', '1');
USE `cygno_db`;
UPDATE `cygno_db`.`Runlog` SET `Stop time`='2022-04-02 01-07-12', `Number of events`='104' WHERE `run_number`='93';
USE `cygno_db`;
INSERT INTO `cygno_db`.`Runlog` (`run_number`, `run_description`, `start_time`, `exposure_sec`, `GEM3_V`, `GEM2_V`, `GEM1_V`, `T2_V`, `T1_V`, `DRIFT_V`, `OFFSET_V`, `PMT1_V`, `PMT2_V`, `PMT3_V`, `PMT4_V`, `HV_STATE`) VALUES ('94', 'S000:PED:DUMMY, test db', '2022-04-02 02-03-58', '0.05', '0', '0', '0', '20', '20', '240', '10', '770', '935', '825', '935', '0');
USE `cygno_db`;
UPDATE `cygno_db`.`Runlog` SET `Stop time`='2022-04-02 02-05-39', `Number of events`='102' WHERE `run_number`='94';
USE `cygno_db`;
INSERT INTO `cygno_db`.`Runlog` (`run_number`, `run_description`, `start_time`, `exposure_sec`, `GEM3_V`, `GEM2_V`, `GEM1_V`, `T2_V`, `T1_V`, `DRIFT_V`, `OFFSET_V`, `PMT1_V`, `PMT2_V`, `PMT3_V`, `PMT4_V`, `HV_STATE`) VALUES ('95', 'S000:DATA:DUMMY, test db', '2022-04-02 02-05-43', '0.05', '0', '0', '0', '20', '20', '240', '10', '770', '935', '825', '935', '1');
USE `cygno_db`;
UPDATE `cygno_db`.`Runlog` SET `Stop time`='2022-04-02 02-07-23', `Number of events`='101' WHERE `run_number`='95';
USE `cygno_db`;
INSERT INTO `cygno_db`.`Runlog` (`run_number`, `run_description`, `start_time`, `exposure_sec`, `GEM3_V`, `GEM2_V`, `GEM1_V`, `T2_V`, `T1_V`, `DRIFT_V`, `OFFSET_V`, `PMT1_V`, `PMT2_V`, `PMT3_V`, `PMT4_V`, `HV_STATE`) VALUES ('96', 'S000:PED:DUMMY, test db', '2022-04-02 03-04-08', '0.05', '0', '0', '0', '20', '20', '240', '10', '770', '935', '825', '935', '0');
USE `cygno_db`;
UPDATE `cygno_db`.`Runlog` SET `Stop time`='2022-04-02 03-05-47', `Number of events`='101' WHERE `run_number`='96';
USE `cygno_db`;
INSERT INTO `cygno_db`.`Runlog` (`run_number`, `run_description`, `start_time`, `exposure_sec`, `GEM3_V`, `GEM2_V`, `GEM1_V`, `T2_V`, `T1_V`, `DRIFT_V`, `OFFSET_V`, `PMT1_V`, `PMT2_V`, `PMT3_V`, `PMT4_V`, `HV_STATE`) VALUES ('97', 'S000:DATA:DUMMY, test db', '2022-04-02 03-05-51', '0.05', '0', '0', '0', '20', '20', '240', '10', '770', '935', '825', '935', '1');
USE `cygno_db`;
UPDATE `cygno_db`.`Runlog` SET `Stop time`='2022-04-02 03-07-33', `Number of events`='103' WHERE `run_number`='97';
USE `cygno_db`;
INSERT INTO `cygno_db`.`Runlog` (`run_number`, `run_description`, `start_time`, `exposure_sec`, `GEM3_V`, `GEM2_V`, `GEM1_V`, `T2_V`, `T1_V`, `DRIFT_V`, `OFFSET_V`, `PMT1_V`, `PMT2_V`, `PMT3_V`, `PMT4_V`, `HV_STATE`) VALUES ('98', 'S000:PED:DUMMY, test db', '2022-04-02 04-04-19', '0.05', '0', '0', '0', '20', '20', '240', '10', '770', '935', '825', '935', '0');
USE `cygno_db`;
UPDATE `cygno_db`.`Runlog` SET `Stop time`='2022-04-02 04-06-00', `Number of events`='103' WHERE `run_number`='98';
USE `cygno_db`;
INSERT INTO `cygno_db`.`Runlog` (`run_number`, `run_description`, `start_time`, `exposure_sec`, `GEM3_V`, `GEM2_V`, `GEM1_V`, `T2_V`, `T1_V`, `DRIFT_V`, `OFFSET_V`, `PMT1_V`, `PMT2_V`, `PMT3_V`, `PMT4_V`, `HV_STATE`) VALUES ('99', 'S000:DATA:DUMMY, test db', '2022-04-02 04-06-05', '0.05', '0', '0', '0', '20', '20', '240', '10', '770', '935', '825', '935', '1');
USE `cygno_db`;
UPDATE `cygno_db`.`Runlog` SET `Stop time`='2022-04-02 04-07-47', `Number of events`='103' WHERE `run_number`='99';
USE `cygno_db`;
INSERT INTO `cygno_db`.`Runlog` (`run_number`, `run_description`, `start_time`, `exposure_sec`, `GEM3_V`, `GEM2_V`, `GEM1_V`, `T2_V`, `T1_V`, `DRIFT_V`, `OFFSET_V`, `PMT1_V`, `PMT2_V`, `PMT3_V`, `PMT4_V`, `HV_STATE`) VALUES ('100', 'S000:PED:DUMMY, test db', '2022-04-02 05-04-33', '0.05', '0', '0', '0', '20', '20', '240', '10', '770', '935', '825', '935', '0');
USE `cygno_db`;
UPDATE `cygno_db`.`Runlog` SET `Stop time`='2022-04-02 05-06-14', `Number of events`='102' WHERE `run_number`='100';
USE `cygno_db`;
INSERT INTO `cygno_db`.`Runlog` (`run_number`, `run_description`, `start_time`, `exposure_sec`, `GEM3_V`, `GEM2_V`, `GEM1_V`, `T2_V`, `T1_V`, `DRIFT_V`, `OFFSET_V`, `PMT1_V`, `PMT2_V`, `PMT3_V`, `PMT4_V`, `HV_STATE`) VALUES ('101', 'S000:DATA:DUMMY, test db', '2022-04-02 05-06-18', '0.05', '0', '0', '0', '20', '20', '240', '10', '770', '935', '825', '935', '1');
USE `cygno_db`;
UPDATE `cygno_db`.`Runlog` SET `Stop time`='2022-04-02 05-08-00', `Number of events`='103' WHERE `run_number`='101';
USE `cygno_db`;
INSERT INTO `cygno_db`.`Runlog` (`run_number`, `run_description`, `start_time`, `exposure_sec`, `GEM3_V`, `GEM2_V`, `GEM1_V`, `T2_V`, `T1_V`, `DRIFT_V`, `OFFSET_V`, `PMT1_V`, `PMT2_V`, `PMT3_V`, `PMT4_V`, `HV_STATE`) VALUES ('102', 'S000:PED:DUMMY, test db', '2022-04-02 06-04-46', '0.05', '0', '0', '0', '20', '20', '240', '10', '770', '935', '825', '935', '0');
USE `cygno_db`;
UPDATE `cygno_db`.`Runlog` SET `Stop time`='2022-04-02 06-06-27', `Number of events`='103' WHERE `run_number`='102';
USE `cygno_db`;
INSERT INTO `cygno_db`.`Runlog` (`run_number`, `run_description`, `start_time`, `exposure_sec`, `GEM3_V`, `GEM2_V`, `GEM1_V`, `T2_V`, `T1_V`, `DRIFT_V`, `OFFSET_V`, `PMT1_V`, `PMT2_V`, `PMT3_V`, `PMT4_V`, `HV_STATE`) VALUES ('103', 'S000:DATA:DUMMY, test db', '2022-04-02 06-06-32', '0.05', '0', '0', '0', '20', '20', '240', '10', '770', '935', '825', '935', '1');
USE `cygno_db`;
UPDATE `cygno_db`.`Runlog` SET `Stop time`='2022-04-02 06-08-13', `Number of events`='102' WHERE `run_number`='103';
USE `cygno_db`;
INSERT INTO `cygno_db`.`Runlog` (`run_number`, `run_description`, `start_time`, `exposure_sec`, `GEM3_V`, `GEM2_V`, `GEM1_V`, `T2_V`, `T1_V`, `DRIFT_V`, `OFFSET_V`, `PMT1_V`, `PMT2_V`, `PMT3_V`, `PMT4_V`, `HV_STATE`) VALUES ('104', 'S000:PED:DUMMY, test db', '2022-04-02 07-04-59', '0.05', '0', '0', '0', '20', '20', '240', '10', '770', '935', '825', '935', '0');
USE `cygno_db`;
UPDATE `cygno_db`.`Runlog` SET `Stop time`='2022-04-02 07-06-40', `Number of events`='102' WHERE `run_number`='104';
USE `cygno_db`;
INSERT INTO `cygno_db`.`Runlog` (`run_number`, `run_description`, `start_time`, `exposure_sec`, `GEM3_V`, `GEM2_V`, `GEM1_V`, `T2_V`, `T1_V`, `DRIFT_V`, `OFFSET_V`, `PMT1_V`, `PMT2_V`, `PMT3_V`, `PMT4_V`, `HV_STATE`) VALUES ('105', 'S000:DATA:DUMMY, test db', '2022-04-02 07-06-45', '0.05', '0', '0', '0', '20', '20', '240', '10', '770', '935', '825', '935', '1');
USE `cygno_db`;
UPDATE `cygno_db`.`Runlog` SET `Stop time`='2022-04-02 07-08-27', `Number of events`='103' WHERE `run_number`='105';
USE `cygno_db`;
INSERT INTO `cygno_db`.`Runlog` (`run_number`, `run_description`, `start_time`, `exposure_sec`, `GEM3_V`, `GEM2_V`, `GEM1_V`, `T2_V`, `T1_V`, `DRIFT_V`, `OFFSET_V`, `PMT1_V`, `PMT2_V`, `PMT3_V`, `PMT4_V`, `HV_STATE`) VALUES ('106', 'S000:PED:DUMMY, test db', '2022-04-02 08-05-12', '0.05', '0', '0', '0', '20', '20', '240', '10', '770', '935', '825', '935', '0');
USE `cygno_db`;
UPDATE `cygno_db`.`Runlog` SET `Stop time`='2022-04-02 08-06-54', `Number of events`='104' WHERE `run_number`='106';
USE `cygno_db`;
INSERT INTO `cygno_db`.`Runlog` (`run_number`, `run_description`, `start_time`, `exposure_sec`, `GEM3_V`, `GEM2_V`, `GEM1_V`, `T2_V`, `T1_V`, `DRIFT_V`, `OFFSET_V`, `PMT1_V`, `PMT2_V`, `PMT3_V`, `PMT4_V`, `HV_STATE`) VALUES ('107', 'S000:DATA:DUMMY, test db', '2022-04-02 08-06-58', '0.05', '0', '0', '0', '20', '20', '240', '10', '770', '935', '825', '935', '1');
USE `cygno_db`;
UPDATE `cygno_db`.`Runlog` SET `Stop time`='2022-04-02 08-08-40', `Number of events`='103' WHERE `run_number`='107';
USE `cygno_db`;
INSERT INTO `cygno_db`.`Runlog` (`run_number`, `run_description`, `start_time`, `exposure_sec`, `GEM3_V`, `GEM2_V`, `GEM1_V`, `T2_V`, `T1_V`, `DRIFT_V`, `OFFSET_V`, `PMT1_V`, `PMT2_V`, `PMT3_V`, `PMT4_V`, `HV_STATE`) VALUES ('108', 'S000:PED:DUMMY, test db', '2022-04-02 09-05-25', '0.05', '0', '0', '0', '20', '20', '240', '10', '770', '935', '825', '935', '0');
USE `cygno_db`;
UPDATE `cygno_db`.`Runlog` SET `Stop time`='2022-04-02 09-07-04', `Number of events`='101' WHERE `run_number`='108';
USE `cygno_db`;
INSERT INTO `cygno_db`.`Runlog` (`run_number`, `run_description`, `start_time`, `exposure_sec`, `GEM3_V`, `GEM2_V`, `GEM1_V`, `T2_V`, `T1_V`, `DRIFT_V`, `OFFSET_V`, `PMT1_V`, `PMT2_V`, `PMT3_V`, `PMT4_V`, `HV_STATE`) VALUES ('109', 'S000:DATA:DUMMY, test db', '2022-04-02 09-07-08', '0.05', '0', '0', '0', '20', '20', '240', '10', '770', '935', '825', '935', '1');
USE `cygno_db`;
UPDATE `cygno_db`.`Runlog` SET `Stop time`='2022-04-02 09-08-48', `Number of events`='101' WHERE `run_number`='109';
